<?xml version="1.0" encoding="UTF-8"?>
<!-- Generated by org.testng.reporters.JUnitReportReporter -->
<testsuite hostname="MAVBCP3162" failures="0" tests="1" name="com.picnic.example.Sample" time="23.045" errors="0" timestamp="2021-09-22T11:41:31 IST" skipped="0">
  <testcase classname="com.picnic.example.Sample" name="example" time="23.045"/>
  <system-out/>
</testsuite> <!-- com.picnic.example.Sample -->
