<?xml version="1.0" encoding="UTF-8"?>
<!-- Generated by org.testng.reporters.JUnitReportReporter -->
<testsuite hostname="MAVBCP3162" failures="0" tests="2" name="seleniumproject2.CrossBrowser" time="35.584" errors="0" timestamp="2021-09-24T14:54:38 IST" skipped="0">
  <testcase classname="seleniumproject2.CrossBrowser" name="testParameterWithXML" time="19.093"/>
  <system-out/>
  <testcase classname="seleniumproject2.CrossBrowser" name="testParameterWithXML" time="16.491"/>
  <system-out/>
</testsuite> <!-- seleniumproject2.CrossBrowser -->
