<?xml version="1.0" encoding="UTF-8"?>
<!-- Generated by org.testng.reporters.JUnitReportReporter -->
<testsuite hostname="MAVBCP3162" failures="0" tests="1" name="seleniumproject.Sample" time="23.958" errors="0" timestamp="2021-09-23T08:53:57 IST" skipped="0">
  <testcase classname="seleniumproject.Sample" name="seleniumproject" time="23.958"/>
  <system-out/>
</testsuite> <!-- seleniumproject.Sample -->
