<?xml version="1.0" encoding="UTF-8"?>
<!-- Generated by org.testng.reporters.JUnitReportReporter -->
<testsuite hostname="MAVBCP3162" failures="0" tests="2" name="seleniumproject.RecorderScript" time="43.552" errors="0" timestamp="2021-09-28T12:18:02 IST" skipped="0">
  <testcase classname="seleniumproject.RecorderScript" name="testParameterWithXML" time="22.183"/>
  <system-out/>
  <testcase classname="seleniumproject.RecorderScript" name="testParameterWithXML" time="21.369"/>
  <system-out/>
</testsuite> <!-- seleniumproject.RecorderScript -->
